<?xml version="1.0" encoding="UTF-8"?>
<testsuite name="com.example.project.TestDay1" tests="3" skipped="0" failures="0" errors="0" timestamp="2024-12-19T16:48:53" hostname="codespaces-c71159" time="0.152">
  <properties/>
  <testcase name="testGenerateElfNameHasValidSuffix()" classname="com.example.project.TestDay1" time="0.124"/>
  <testcase name="testGenerateElfNameThrowsExceptionForEmptyName()" classname="com.example.project.TestDay1" time="0.003"/>
  <testcase name="testGenerateElfNameContainsName()" classname="com.example.project.TestDay1" time="0.013"/>
  <system-out><![CDATA[]]></system-out>
  <system-err><![CDATA[]]></system-err>
</testsuite>
